#
# There is insufficient memory for the Java Runtime Environment to continue.
# Native memory allocation (mmap) failed to map 65536 bytes for Failed to commit metaspace.
# Possible reasons:
#   The system is out of physical RAM or swap space
#   The process is running with CompressedOops enabled, and the Java Heap may be blocking the growth of the native heap
# Possible solutions:
#   Reduce memory load on the system
#   Increase physical memory or swap space
#   Check if swap backing store is full
#   Decrease Java heap size (-Xmx/-Xms)
#   Decrease number of Java threads
#   Decrease Java thread stack sizes (-Xss)
#   Set larger code cache with -XX:ReservedCodeCacheSize=
#   JVM is running with Unscaled Compressed Oops mode in which the Java heap is
#     placed in the first 4GB address space. The Java Heap base address is the
#     maximum limit for the native heap growth. Please use -XX:HeapBaseMinAddress
#     to set the Java Heap base and to place the Java Heap above 4GB virtual address.
# This output file may be truncated or incomplete.
#
#  Out of Memory Error (virtualSpaceNode.cpp:110), pid=5288, tid=7200
#
# JRE version: OpenJDK Runtime Environment Temurin-17.0.8.1+1 (17.0.8.1+1) (build 17.0.8.1+1)
# Java VM: OpenJDK 64-Bit Server VM Temurin-17.0.8.1+1 (17.0.8.1+1, mixed mode, emulated-client, tiered, compressed oops, compressed class ptrs, g1 gc, windows-amd64)
# No core dump will be written. Minidumps are not enabled by default on client versions of Windows
#

---------------  S U M M A R Y ------------

Command Line: -Dcom.sun.management.jmxremote -Dcom.sun.management.jmxremote.port=50489 -Dcom.sun.management.jmxremote.authenticate=false -Dcom.sun.management.jmxremote.ssl=false -Djava.rmi.server.hostname=localhost -Dspring.jmx.enabled=true -Dmanagement.endpoints.jmx.exposure.include=* -Dspring.application.admin.enabled=true -XX:TieredStopAtLevel=1 -Dspring.boot.project.name=4_securehaven_producer_banks-1 -Dfile.encoding=UTF-8 -Dstdout.encoding=UTF-8 -Dstderr.encoding=UTF-8 -XX:+ShowCodeDetailsInExceptionMessages com.securehaven._securehaven_producer_banks1.Application --spring.output.ansi.enabled=always

Host: AMD Ryzen 5 3550H with Radeon Vega Mobile Gfx  , 8 cores, 5G,  Windows 11 , 64 bit Build 22621 (10.0.22621.3527)
Time: Mon May  6 10:22:32 2024 India Standard Time elapsed time: 1.213344 seconds (0d 0h 0m 1s)

---------------  T H R E A D  ---------------

Current thread (0x0000027d7552e7a0):  JavaThread "main" [_thread_in_vm, id=7200, stack(0x000000d857f00000,0x000000d858000000)]

Stack: [0x000000d857f00000,0x000000d858000000]
Native frames: (J=compiled Java code, j=interpreted, Vv=VM code, C=native code)
V  [jvm.dll+0x678b0a]
V  [jvm.dll+0x835e84]
V  [jvm.dll+0x83762e]
V  [jvm.dll+0x837c93]
V  [jvm.dll+0x24746f]
V  [jvm.dll+0x831f1b]
V  [jvm.dll+0x61d3c6]
V  [jvm.dll+0x1c1aae]
V  [jvm.dll+0x61fd21]
V  [jvm.dll+0x61dd66]
V  [jvm.dll+0x36dea2]
V  [jvm.dll+0x1e35ab]
V  [jvm.dll+0x53fbc9]
V  [jvm.dll+0x7b13fd]
V  [jvm.dll+0x7b135a]
V  [jvm.dll+0x40f364]
V  [jvm.dll+0x422b3b]
C  [java.dll+0x1657]

Java frames: (J=compiled Java code, j=interpreted, Vv=VM code)
j  java.lang.ClassLoader.defineClass0(Ljava/lang/ClassLoader;Ljava/lang/Class;Ljava/lang/String;[BIILjava/security/ProtectionDomain;ZILjava/lang/Object;)Ljava/lang/Class;+0 java.base@17.0.8.1
j  java.lang.System$2.defineClass(Ljava/lang/ClassLoader;Ljava/lang/Class;Ljava/lang/String;[BLjava/security/ProtectionDomain;ZILjava/lang/Object;)Ljava/lang/Class;+17 java.base@17.0.8.1
j  java.lang.invoke.MethodHandles$Lookup$ClassDefiner.defineClass(ZLjava/lang/Object;)Ljava/lang/Class;+54 java.base@17.0.8.1
j  java.lang.invoke.MethodHandles$Lookup$ClassDefiner.defineClassAsLookup(Z)Ljava/lang/invoke/MethodHandles$Lookup;+3 java.base@17.0.8.1
j  java.lang.invoke.MethodHandles$Lookup.defineHiddenClass([BZ[Ljava/lang/invoke/MethodHandles$Lookup$ClassOption;)Ljava/lang/invoke/MethodHandles$Lookup;+65 java.base@17.0.8.1
j  java.lang.invoke.InnerClassLambdaMetafactory.generateInnerClass()Ljava/lang/Class;+580 java.base@17.0.8.1
j  java.lang.invoke.InnerClassLambdaMetafactory.spinInnerClass()Ljava/lang/Class;+114 java.base@17.0.8.1
j  java.lang.invoke.InnerClassLambdaMetafactory.buildCallSite()Ljava/lang/invoke/CallSite;+1 java.base@17.0.8.1
j  java.lang.invoke.LambdaMetafactory.metafactory(Ljava/lang/invoke/MethodHandles$Lookup;Ljava/lang/String;Ljava/lang/invoke/MethodType;Ljava/lang/invoke/MethodType;Ljava/lang/invoke/MethodHandle;Ljava/lang/invoke/MethodType;)Ljava/lang/invoke/CallSite;+67 java.base@17.0.8.1
j  java.lang.invoke.DirectMethodHandle$Holder.invokeStatic(Ljava/lang/Object;Ljava/lang/Object;Ljava/lang/Object;Ljava/lang/Object;Ljava/lang/Object;Ljava/lang/Object;Ljava/lang/Object;)Ljava/lang/Object;+20 java.base@17.0.8.1
j  java.lang.invoke.Invokers$Holder.invokeExact_MT(Ljava/lang/Object;Ljava/lang/Object;Ljava/lang/Object;Ljava/lang/Object;Ljava/lang/Object;Ljava/lang/Object;Ljava/lang/Object;Ljava/lang/Object;)Ljava/lang/Object;+28 java.base@17.0.8.1
j  java.lang.invoke.BootstrapMethodInvoker.invoke(Ljava/lang/Class;Ljava/lang/invoke/MethodHandle;Ljava/lang/String;Ljava/lang/Object;Ljava/lang/Object;Ljava/lang/Class;)Ljava/lang/Object;+319 java.base@17.0.8.1
j  java.lang.invoke.CallSite.makeSite(Ljava/lang/invoke/MethodHandle;Ljava/lang/String;Ljava/lang/invoke/MethodType;Ljava/lang/Object;Ljava/lang/Class;)Ljava/lang/invoke/CallSite;+8 java.base@17.0.8.1
j  java.lang.invoke.MethodHandleNatives.linkCallSiteImpl(Ljava/lang/Class;Ljava/lang/invoke/MethodHandle;Ljava/lang/String;Ljava/lang/invoke/MethodType;Ljava/lang/Object;[Ljava/lang/Object;)Ljava/lang/invoke/MemberName;+6 java.base@17.0.8.1
j  java.lang.invoke.MethodHandleNatives.linkCallSite(Ljava/lang/Object;ILjava/lang/Object;Ljava/lang/Object;Ljava/lang/Object;Ljava/lang/Object;[Ljava/lang/Object;)Ljava/lang/invoke/MemberName;+46 java.base@17.0.8.1
v  ~StubRoutines::call_stub
j  org.springframework.core.io.support.SpringFactoriesLoader.lambda$loadFactoriesResource$4(Ljava/util/Map;Ljava/lang/Object;Ljava/lang/Object;)V+36
j  org.springframework.core.io.support.SpringFactoriesLoader$$Lambda$131+0x000000010018dbf8.accept(Ljava/lang/Object;Ljava/lang/Object;)V+6
j  java.util.concurrent.ConcurrentHashMap.forEach(Ljava/util/function/BiConsumer;)V+56 java.base@17.0.8.1
j  java.util.Properties.forEach(Ljava/util/function/BiConsumer;)V+5 java.base@17.0.8.1
j  org.springframework.core.io.support.SpringFactoriesLoader.loadFactoriesResource(Ljava/lang/ClassLoader;Ljava/lang/String;)Ljava/util/Map;+56
j  org.springframework.core.io.support.SpringFactoriesLoader.lambda$forResourceLocation$2(Ljava/lang/ClassLoader;Ljava/lang/ClassLoader;Ljava/lang/String;Ljava/lang/String;)Lorg/springframework/core/io/support/SpringFactoriesLoader;+7
j  org.springframework.core.io.support.SpringFactoriesLoader$$Lambda$130+0x000000010018ed00.apply(Ljava/lang/Object;)Ljava/lang/Object;+16
j  java.util.concurrent.ConcurrentMap.computeIfAbsent(Ljava/lang/Object;Ljava/util/function/Function;)Ljava/lang/Object;+19 java.base@17.0.8.1
j  org.springframework.core.io.support.SpringFactoriesLoader.forResourceLocation(Ljava/lang/String;Ljava/lang/ClassLoader;)Lorg/springframework/core/io/support/SpringFactoriesLoader;+48
j  org.springframework.core.io.support.SpringFactoriesLoader.forDefaultResourceLocation(Ljava/lang/ClassLoader;)Lorg/springframework/core/io/support/SpringFactoriesLoader;+3
j  org.springframework.boot.SpringApplication.getSpringFactoriesInstances(Ljava/lang/Class;Lorg/springframework/core/io/support/SpringFactoriesLoader$ArgumentResolver;)Ljava/util/List;+4
j  org.springframework.boot.SpringApplication.getSpringFactoriesInstances(Ljava/lang/Class;)Ljava/util/List;+3
j  org.springframework.boot.SpringApplication.<init>(Lorg/springframework/core/io/ResourceLoader;[Ljava/lang/Class;)V+119
j  org.springframework.boot.SpringApplication.<init>([Ljava/lang/Class;)V+3
j  org.springframework.boot.SpringApplication.run([Ljava/lang/Class;[Ljava/lang/String;)Lorg/springframework/context/ConfigurableApplicationContext;+5
j  org.springframework.boot.SpringApplication.run(Ljava/lang/Class;[Ljava/lang/String;)Lorg/springframework/context/ConfigurableApplicationContext;+9
j  com.securehaven._securehaven_producer_banks1.Application.main([Ljava/lang/String;)V+3
v  ~StubRoutines::call_stub

---------------  P R O C E S S  ---------------

Threads class SMR info:
_java_thread_list=0x0000027d04a7bce0, length=19, elements={
0x0000027d7552e7a0, 0x0000027d04163020, 0x0000027d0410ba30, 0x0000027d04120df0,
0x0000027d04121820, 0x0000027d04123100, 0x0000027d04124710, 0x0000027d0416fb70,
0x0000027d04170480, 0x0000027d042526c0, 0x0000027d040ae270, 0x0000027d043614b0,
0x0000027d0499e320, 0x0000027d049f44e0, 0x0000027d049ed030, 0x0000027d04a66950,
0x0000027d04a46f10, 0x0000027d04a749f0, 0x0000027d04aa2840
}

Java Threads: ( => current thread )
=>0x0000027d7552e7a0 JavaThread "main" [_thread_in_vm, id=7200, stack(0x000000d857f00000,0x000000d858000000)]
  0x0000027d04163020 JavaThread "Reference Handler" daemon [_thread_blocked, id=8948, stack(0x000000d858600000,0x000000d858700000)]
  0x0000027d0410ba30 JavaThread "Finalizer" daemon [_thread_blocked, id=13976, stack(0x000000d858700000,0x000000d858800000)]
  0x0000027d04120df0 JavaThread "Signal Dispatcher" daemon [_thread_blocked, id=4152, stack(0x000000d858800000,0x000000d858900000)]
  0x0000027d04121820 JavaThread "Attach Listener" daemon [_thread_blocked, id=8548, stack(0x000000d858900000,0x000000d858a00000)]
  0x0000027d04123100 JavaThread "Service Thread" daemon [_thread_blocked, id=1928, stack(0x000000d858a00000,0x000000d858b00000)]
  0x0000027d04124710 JavaThread "Monitor Deflation Thread" daemon [_thread_blocked, id=12760, stack(0x000000d858b00000,0x000000d858c00000)]
  0x0000027d0416fb70 JavaThread "C1 CompilerThread0" daemon [_thread_blocked, id=11800, stack(0x000000d858c00000,0x000000d858d00000)]
  0x0000027d04170480 JavaThread "Sweeper thread" daemon [_thread_blocked, id=10968, stack(0x000000d858d00000,0x000000d858e00000)]
  0x0000027d042526c0 JavaThread "Common-Cleaner" daemon [_thread_blocked, id=6996, stack(0x000000d858e00000,0x000000d858f00000)]
  0x0000027d040ae270 JavaThread "C1 CompilerThread1" daemon [_thread_blocked, id=13632, stack(0x000000d858f00000,0x000000d859000000)]
  0x0000027d043614b0 JavaThread "Notification Thread" daemon [_thread_blocked, id=13180, stack(0x000000d859000000,0x000000d859100000)]
  0x0000027d0499e320 JavaThread "RMI TCP Accept-0" daemon [_thread_in_native, id=1176, stack(0x000000d859100000,0x000000d859200000)]
  0x0000027d049f44e0 JavaThread "RMI TCP Accept-50489" daemon [_thread_in_native, id=2688, stack(0x000000d859200000,0x000000d859300000)]
  0x0000027d049ed030 JavaThread "RMI TCP Accept-0" daemon [_thread_in_native, id=13764, stack(0x000000d859300000,0x000000d859400000)]
  0x0000027d04a66950 JavaThread "RMI TCP Connection(1)-127.0.0.1" daemon [_thread_in_native, id=14012, stack(0x000000d859500000,0x000000d859600000)]
  0x0000027d04a46f10 JavaThread "RMI Scheduler(0)" daemon [_thread_blocked, id=8296, stack(0x000000d859600000,0x000000d859700000)]
  0x0000027d04a749f0 JavaThread "RMI TCP Connection(2)-127.0.0.1" daemon [_thread_in_native, id=9120, stack(0x000000d859700000,0x000000d859800000)]
  0x0000027d04aa2840 JavaThread "JMX server connection timeout 22" daemon [_thread_blocked, id=4700, stack(0x000000d859800000,0x000000d859900000)]

Other Threads:
  0x0000027d041054c0 VMThread "VM Thread" [stack: 0x000000d858500000,0x000000d858600000] [id=13552]
  0x0000027d049ed8c0 WatcherThread [stack: 0x000000d859400000,0x000000d859500000] [id=12424]
  0x0000027d775f7a80 GCTaskThread "GC Thread#0" [stack: 0x000000d858000000,0x000000d858100000] [id=12612]
  0x0000027d77604dc0 ConcurrentGCThread "G1 Main Marker" [stack: 0x000000d858100000,0x000000d858200000] [id=13492]
  0x0000027d776055e0 ConcurrentGCThread "G1 Conc#0" [stack: 0x000000d858200000,0x000000d858300000] [id=3768]
  0x0000027d03f810e0 ConcurrentGCThread "G1 Refine#0" [stack: 0x000000d858300000,0x000000d858400000] [id=6008]
  0x0000027d03f81920 ConcurrentGCThread "G1 Service" [stack: 0x000000d858400000,0x000000d858500000] [id=3868]

Threads with active compile tasks:

VM state: not at safepoint (normal execution)

VM Mutex/Monitor currently owned by a thread:  ([mutex/lock_event])
[0x0000027d775aa540] Metaspace_lock - owner thread: 0x0000027d7552e7a0

Heap address: 0x00000000a0e00000, size: 1522 MB, Compressed Oops mode: 32-bit

CDS archive(s) not mapped
Compressed class space mapped at: 0x0000000100000000-0x0000000140000000, reserved size: 1073741824
Narrow klass base: 0x0000000000000000, Narrow klass shift: 3, Narrow klass range: 0x140000000

GC Precious Log:
 CPUs: 8 total, 8 available
 Memory: 6082M
 Large Page Support: Disabled
 NUMA Support: Disabled
 Compressed Oops: Enabled (32-bit)
 Heap Region Size: 1M
 Heap Min Capacity: 8M
 Heap Initial Capacity: 96M
 Heap Max Capacity: 1522M
 Pre-touch: Disabled
 Parallel Workers: 8
 Concurrent Workers: 2
 Concurrent Refinement Workers: 8
 Periodic GC: Disabled

Heap:
 garbage-first heap   total 98304K, used 18432K [0x00000000a0e00000, 0x0000000100000000)
  region size 1024K, 19 young (19456K), 0 survivors (0K)
 Metaspace       used 15278K, committed 15424K, reserved 1114112K
  class space    used 1601K, committed 1664K, reserved 1048576K

Heap Regions: E=young(eden), S=young(survivor), O=old, HS=humongous(starts), HC=humongous(continues), CS=collection set, F=free, OA=open archive, CA=closed archive, TAMS=top-at-mark-start (previous, next)
|   0|0x00000000a0e00000, 0x00000000a0f00000, 0x00000000a0f00000|100%|HS|  |TAMS 0x00000000a0e00000, 0x00000000a0e00000| Complete 
|   1|0x00000000a0f00000, 0x00000000a0f00000, 0x00000000a1000000|  0%| F|  |TAMS 0x00000000a0f00000, 0x00000000a0f00000| Untracked 
|   2|0x00000000a1000000, 0x00000000a1000000, 0x00000000a1100000|  0%| F|  |TAMS 0x00000000a1000000, 0x00000000a1000000| Untracked 
|   3|0x00000000a1100000, 0x00000000a1100000, 0x00000000a1200000|  0%| F|  |TAMS 0x00000000a1100000, 0x00000000a1100000| Untracked 
|   4|0x00000000a1200000, 0x00000000a1200000, 0x00000000a1300000|  0%| F|  |TAMS 0x00000000a1200000, 0x00000000a1200000| Untracked 
|   5|0x00000000a1300000, 0x00000000a1300000, 0x00000000a1400000|  0%| F|  |TAMS 0x00000000a1300000, 0x00000000a1300000| Untracked 
|   6|0x00000000a1400000, 0x00000000a1400000, 0x00000000a1500000|  0%| F|  |TAMS 0x00000000a1400000, 0x00000000a1400000| Untracked 
|   7|0x00000000a1500000, 0x00000000a1500000, 0x00000000a1600000|  0%| F|  |TAMS 0x00000000a1500000, 0x00000000a1500000| Untracked 
|   8|0x00000000a1600000, 0x00000000a1600000, 0x00000000a1700000|  0%| F|  |TAMS 0x00000000a1600000, 0x00000000a1600000| Untracked 
|   9|0x00000000a1700000, 0x00000000a1700000, 0x00000000a1800000|  0%| F|  |TAMS 0x00000000a1700000, 0x00000000a1700000| Untracked 
|  10|0x00000000a1800000, 0x00000000a1800000, 0x00000000a1900000|  0%| F|  |TAMS 0x00000000a1800000, 0x00000000a1800000| Untracked 
|  11|0x00000000a1900000, 0x00000000a1900000, 0x00000000a1a00000|  0%| F|  |TAMS 0x00000000a1900000, 0x00000000a1900000| Untracked 
|  12|0x00000000a1a00000, 0x00000000a1a00000, 0x00000000a1b00000|  0%| F|  |TAMS 0x00000000a1a00000, 0x00000000a1a00000| Untracked 
|  13|0x00000000a1b00000, 0x00000000a1b00000, 0x00000000a1c00000|  0%| F|  |TAMS 0x00000000a1b00000, 0x00000000a1b00000| Untracked 
|  14|0x00000000a1c00000, 0x00000000a1c00000, 0x00000000a1d00000|  0%| F|  |TAMS 0x00000000a1c00000, 0x00000000a1c00000| Untracked 
|  15|0x00000000a1d00000, 0x00000000a1d00000, 0x00000000a1e00000|  0%| F|  |TAMS 0x00000000a1d00000, 0x00000000a1d00000| Untracked 
|  16|0x00000000a1e00000, 0x00000000a1e00000, 0x00000000a1f00000|  0%| F|  |TAMS 0x00000000a1e00000, 0x00000000a1e00000| Untracked 
|  17|0x00000000a1f00000, 0x00000000a1f00000, 0x00000000a2000000|  0%| F|  |TAMS 0x00000000a1f00000, 0x00000000a1f00000| Untracked 
|  18|0x00000000a2000000, 0x00000000a2000000, 0x00000000a2100000|  0%| F|  |TAMS 0x00000000a2000000, 0x00000000a2000000| Untracked 
|  19|0x00000000a2100000, 0x00000000a2100000, 0x00000000a2200000|  0%| F|  |TAMS 0x00000000a2100000, 0x00000000a2100000| Untracked 
|  20|0x00000000a2200000, 0x00000000a2200000, 0x00000000a2300000|  0%| F|  |TAMS 0x00000000a2200000, 0x00000000a2200000| Untracked 
|  21|0x00000000a2300000, 0x00000000a2300000, 0x00000000a2400000|  0%| F|  |TAMS 0x00000000a2300000, 0x00000000a2300000| Untracked 
|  22|0x00000000a2400000, 0x00000000a2400000, 0x00000000a2500000|  0%| F|  |TAMS 0x00000000a2400000, 0x00000000a2400000| Untracked 
|  23|0x00000000a2500000, 0x00000000a2500000, 0x00000000a2600000|  0%| F|  |TAMS 0x00000000a2500000, 0x00000000a2500000| Untracked 
|  24|0x00000000a2600000, 0x00000000a2600000, 0x00000000a2700000|  0%| F|  |TAMS 0x00000000a2600000, 0x00000000a2600000| Untracked 
|  25|0x00000000a2700000, 0x00000000a2700000, 0x00000000a2800000|  0%| F|  |TAMS 0x00000000a2700000, 0x00000000a2700000| Untracked 
|  26|0x00000000a2800000, 0x00000000a2800000, 0x00000000a2900000|  0%| F|  |TAMS 0x00000000a2800000, 0x00000000a2800000| Untracked 
|  27|0x00000000a2900000, 0x00000000a2900000, 0x00000000a2a00000|  0%| F|  |TAMS 0x00000000a2900000, 0x00000000a2900000| Untracked 
|  28|0x00000000a2a00000, 0x00000000a2a00000, 0x00000000a2b00000|  0%| F|  |TAMS 0x00000000a2a00000, 0x00000000a2a00000| Untracked 
|  29|0x00000000a2b00000, 0x00000000a2b00000, 0x00000000a2c00000|  0%| F|  |TAMS 0x00000000a2b00000, 0x00000000a2b00000| Untracked 
|  30|0x00000000a2c00000, 0x00000000a2c00000, 0x00000000a2d00000|  0%| F|  |TAMS 0x00000000a2c00000, 0x00000000a2c00000| Untracked 
|  31|0x00000000a2d00000, 0x00000000a2d00000, 0x00000000a2e00000|  0%| F|  |TAMS 0x00000000a2d00000, 0x00000000a2d00000| Untracked 
|  32|0x00000000a2e00000, 0x00000000a2e00000, 0x00000000a2f00000|  0%| F|  |TAMS 0x00000000a2e00000, 0x00000000a2e00000| Untracked 
|  33|0x00000000a2f00000, 0x00000000a2f00000, 0x00000000a3000000|  0%| F|  |TAMS 0x00000000a2f00000, 0x00000000a2f00000| Untracked 
|  34|0x00000000a3000000, 0x00000000a3000000, 0x00000000a3100000|  0%| F|  |TAMS 0x00000000a3000000, 0x00000000a3000000| Untracked 
|  35|0x00000000a3100000, 0x00000000a3100000, 0x00000000a3200000|  0%| F|  |TAMS 0x00000000a3100000, 0x00000000a3100000| Untracked 
|  36|0x00000000a3200000, 0x00000000a3200000, 0x00000000a3300000|  0%| F|  |TAMS 0x00000000a3200000, 0x00000000a3200000| Untracked 
|  37|0x00000000a3300000, 0x00000000a3300000, 0x00000000a3400000|  0%| F|  |TAMS 0x00000000a3300000, 0x00000000a3300000| Untracked 
|  38|0x00000000a3400000, 0x00000000a3400000, 0x00000000a3500000|  0%| F|  |TAMS 0x00000000a3400000, 0x00000000a3400000| Untracked 
|  39|0x00000000a3500000, 0x00000000a3500000, 0x00000000a3600000|  0%| F|  |TAMS 0x00000000a3500000, 0x00000000a3500000| Untracked 
|  40|0x00000000a3600000, 0x00000000a3600000, 0x00000000a3700000|  0%| F|  |TAMS 0x00000000a3600000, 0x00000000a3600000| Untracked 
|  41|0x00000000a3700000, 0x00000000a3700000, 0x00000000a3800000|  0%| F|  |TAMS 0x00000000a3700000, 0x00000000a3700000| Untracked 
|  42|0x00000000a3800000, 0x00000000a3800000, 0x00000000a3900000|  0%| F|  |TAMS 0x00000000a3800000, 0x00000000a3800000| Untracked 
|  43|0x00000000a3900000, 0x00000000a3900000, 0x00000000a3a00000|  0%| F|  |TAMS 0x00000000a3900000, 0x00000000a3900000| Untracked 
|  44|0x00000000a3a00000, 0x00000000a3a00000, 0x00000000a3b00000|  0%| F|  |TAMS 0x00000000a3a00000, 0x00000000a3a00000| Untracked 
|  45|0x00000000a3b00000, 0x00000000a3b00000, 0x00000000a3c00000|  0%| F|  |TAMS 0x00000000a3b00000, 0x00000000a3b00000| Untracked 
|  46|0x00000000a3c00000, 0x00000000a3c00000, 0x00000000a3d00000|  0%| F|  |TAMS 0x00000000a3c00000, 0x00000000a3c00000| Untracked 
|  47|0x00000000a3d00000, 0x00000000a3d00000, 0x00000000a3e00000|  0%| F|  |TAMS 0x00000000a3d00000, 0x00000000a3d00000| Untracked 
|  48|0x00000000a3e00000, 0x00000000a3e00000, 0x00000000a3f00000|  0%| F|  |TAMS 0x00000000a3e00000, 0x00000000a3e00000| Untracked 
|  49|0x00000000a3f00000, 0x00000000a3f00000, 0x00000000a4000000|  0%| F|  |TAMS 0x00000000a3f00000, 0x00000000a3f00000| Untracked 
|  50|0x00000000a4000000, 0x00000000a4000000, 0x00000000a4100000|  0%| F|  |TAMS 0x00000000a4000000, 0x00000000a4000000| Untracked 
|  51|0x00000000a4100000, 0x00000000a4100000, 0x00000000a4200000|  0%| F|  |TAMS 0x00000000a4100000, 0x00000000a4100000| Untracked 
|  52|0x00000000a4200000, 0x00000000a4200000, 0x00000000a4300000|  0%| F|  |TAMS 0x00000000a4200000, 0x00000000a4200000| Untracked 
|  53|0x00000000a4300000, 0x00000000a4300000, 0x00000000a4400000|  0%| F|  |TAMS 0x00000000a4300000, 0x00000000a4300000| Untracked 
|  54|0x00000000a4400000, 0x00000000a4400000, 0x00000000a4500000|  0%| F|  |TAMS 0x00000000a4400000, 0x00000000a4400000| Untracked 
|  55|0x00000000a4500000, 0x00000000a4500000, 0x00000000a4600000|  0%| F|  |TAMS 0x00000000a4500000, 0x00000000a4500000| Untracked 
|  56|0x00000000a4600000, 0x00000000a4600000, 0x00000000a4700000|  0%| F|  |TAMS 0x00000000a4600000, 0x00000000a4600000| Untracked 
|  57|0x00000000a4700000, 0x00000000a4700000, 0x00000000a4800000|  0%| F|  |TAMS 0x00000000a4700000, 0x00000000a4700000| Untracked 
|  58|0x00000000a4800000, 0x00000000a4800000, 0x00000000a4900000|  0%| F|  |TAMS 0x00000000a4800000, 0x00000000a4800000| Untracked 
|  59|0x00000000a4900000, 0x00000000a4900000, 0x00000000a4a00000|  0%| F|  |TAMS 0x00000000a4900000, 0x00000000a4900000| Untracked 
|  60|0x00000000a4a00000, 0x00000000a4a00000, 0x00000000a4b00000|  0%| F|  |TAMS 0x00000000a4a00000, 0x00000000a4a00000| Untracked 
|  61|0x00000000a4b00000, 0x00000000a4b00000, 0x00000000a4c00000|  0%| F|  |TAMS 0x00000000a4b00000, 0x00000000a4b00000| Untracked 
|  62|0x00000000a4c00000, 0x00000000a4c00000, 0x00000000a4d00000|  0%| F|  |TAMS 0x00000000a4c00000, 0x00000000a4c00000| Untracked 
|  63|0x00000000a4d00000, 0x00000000a4d00000, 0x00000000a4e00000|  0%| F|  |TAMS 0x00000000a4d00000, 0x00000000a4d00000| Untracked 
|  64|0x00000000a4e00000, 0x00000000a4e00000, 0x00000000a4f00000|  0%| F|  |TAMS 0x00000000a4e00000, 0x00000000a4e00000| Untracked 
|  65|0x00000000a4f00000, 0x00000000a4f00000, 0x00000000a5000000|  0%| F|  |TAMS 0x00000000a4f00000, 0x00000000a4f00000| Untracked 
|  66|0x00000000a5000000, 0x00000000a5000000, 0x00000000a5100000|  0%| F|  |TAMS 0x00000000a5000000, 0x00000000a5000000| Untracked 
|  67|0x00000000a5100000, 0x00000000a5100000, 0x00000000a5200000|  0%| F|  |TAMS 0x00000000a5100000, 0x00000000a5100000| Untracked 
|  68|0x00000000a5200000, 0x00000000a5200000, 0x00000000a5300000|  0%| F|  |TAMS 0x00000000a5200000, 0x00000000a5200000| Untracked 
|  69|0x00000000a5300000, 0x00000000a5300000, 0x00000000a5400000|  0%| F|  |TAMS 0x00000000a5300000, 0x00000000a5300000| Untracked 
|  70|0x00000000a5400000, 0x00000000a5400000, 0x00000000a5500000|  0%| F|  |TAMS 0x00000000a5400000, 0x00000000a5400000| Untracked 
|  71|0x00000000a5500000, 0x00000000a5500000, 0x00000000a5600000|  0%| F|  |TAMS 0x00000000a5500000, 0x00000000a5500000| Untracked 
|  72|0x00000000a5600000, 0x00000000a5600000, 0x00000000a5700000|  0%| F|  |TAMS 0x00000000a5600000, 0x00000000a5600000| Untracked 
|  73|0x00000000a5700000, 0x00000000a5700000, 0x00000000a5800000|  0%| F|  |TAMS 0x00000000a5700000, 0x00000000a5700000| Untracked 
|  74|0x00000000a5800000, 0x00000000a5800000, 0x00000000a5900000|  0%| F|  |TAMS 0x00000000a5800000, 0x00000000a5800000| Untracked 
|  75|0x00000000a5900000, 0x00000000a5900000, 0x00000000a5a00000|  0%| F|  |TAMS 0x00000000a5900000, 0x00000000a5900000| Untracked 
|  76|0x00000000a5a00000, 0x00000000a5a00000, 0x00000000a5b00000|  0%| F|  |TAMS 0x00000000a5a00000, 0x00000000a5a00000| Untracked 
|  77|0x00000000a5b00000, 0x00000000a5bedab0, 0x00000000a5c00000| 92%| E|  |TAMS 0x00000000a5b00000, 0x00000000a5b00000| Complete 
|  78|0x00000000a5c00000, 0x00000000a5d00000, 0x00000000a5d00000|100%| E|CS|TAMS 0x00000000a5c00000, 0x00000000a5c00000| Complete 
|  79|0x00000000a5d00000, 0x00000000a5e00000, 0x00000000a5e00000|100%| E|CS|TAMS 0x00000000a5d00000, 0x00000000a5d00000| Complete 
|  80|0x00000000a5e00000, 0x00000000a5f00000, 0x00000000a5f00000|100%| E|CS|TAMS 0x00000000a5e00000, 0x00000000a5e00000| Complete 
|  81|0x00000000a5f00000, 0x00000000a6000000, 0x00000000a6000000|100%| E|CS|TAMS 0x00000000a5f00000, 0x00000000a5f00000| Complete 
|  82|0x00000000a6000000, 0x00000000a6100000, 0x00000000a6100000|100%| E|CS|TAMS 0x00000000a6000000, 0x00000000a6000000| Complete 
|  83|0x00000000a6100000, 0x00000000a6200000, 0x00000000a6200000|100%| E|CS|TAMS 0x00000000a6100000, 0x00000000a6100000| Complete 
|  84|0x00000000a6200000, 0x00000000a6300000, 0x00000000a6300000|100%| E|CS|TAMS 0x00000000a6200000, 0x00000000a6200000| Complete 
|  85|0x00000000a6300000, 0x00000000a6400000, 0x00000000a6400000|100%| E|CS|TAMS 0x00000000a6300000, 0x00000000a6300000| Complete 
|  86|0x00000000a6400000, 0x00000000a6500000, 0x00000000a6500000|100%| E|CS|TAMS 0x00000000a6400000, 0x00000000a6400000| Complete 
|  87|0x00000000a6500000, 0x00000000a6600000, 0x00000000a6600000|100%| E|CS|TAMS 0x00000000a6500000, 0x00000000a6500000| Complete 
|  88|0x00000000a6600000, 0x00000000a6700000, 0x00000000a6700000|100%| E|CS|TAMS 0x00000000a6600000, 0x00000000a6600000| Complete 
|  89|0x00000000a6700000, 0x00000000a6800000, 0x00000000a6800000|100%| E|CS|TAMS 0x00000000a6700000, 0x00000000a6700000| Complete 
|  90|0x00000000a6800000, 0x00000000a6900000, 0x00000000a6900000|100%| E|CS|TAMS 0x00000000a6800000, 0x00000000a6800000| Complete 
|  91|0x00000000a6900000, 0x00000000a6a00000, 0x00000000a6a00000|100%| E|CS|TAMS 0x00000000a6900000, 0x00000000a6900000| Complete 
|  92|0x00000000a6a00000, 0x00000000a6b00000, 0x00000000a6b00000|100%| E|  |TAMS 0x00000000a6a00000, 0x00000000a6a00000| Complete 
|  93|0x00000000a6b00000, 0x00000000a6c00000, 0x00000000a6c00000|100%| E|CS|TAMS 0x00000000a6b00000, 0x00000000a6b00000| Complete 
|  94|0x00000000a6c00000, 0x00000000a6d00000, 0x00000000a6d00000|100%| E|CS|TAMS 0x00000000a6c00000, 0x00000000a6c00000| Complete 
|  95|0x00000000a6d00000, 0x00000000a6e00000, 0x00000000a6e00000|100%| E|CS|TAMS 0x00000000a6d00000, 0x00000000a6d00000| Complete 

Card table byte_map: [0x0000027d7e060000,0x0000027d7e360000] _byte_map_base: 0x0000027d7db59000

Marking Bits (Prev, Next): (CMBitMap*) 0x0000027d775f7eb0, (CMBitMap*) 0x0000027d775f7ef0
 Prev Bits: [0x0000027d7e660000, 0x0000027d7fe28000)
 Next Bits: [0x0000027d00000000, 0x0000027d017c8000)

Polling page: 0x0000027d76d50000

Metaspace:

Usage:
  Non-class:     13.36 MB used.
      Class:      1.56 MB used.
       Both:     14.92 MB used.

Virtual space:
  Non-class space:       64.00 MB reserved,      13.44 MB ( 21%) committed,  1 nodes.
      Class space:        1.00 GB reserved,       1.62 MB ( <1%) committed,  1 nodes.
             Both:        1.06 GB reserved,      15.06 MB (  1%) committed. 

Chunk freelists:
   Non-Class:  2.39 MB
       Class:  14.17 MB
        Both:  16.56 MB

MaxMetaspaceSize: unlimited
CompressedClassSpaceSize: 1.00 GB
Initial GC threshold: 21.00 MB
Current GC threshold: 21.00 MB
CDS: off
MetaspaceReclaimPolicy: balanced
 - commit_granule_bytes: 65536.
 - commit_granule_words: 8192.
 - virtual_space_node_default_size: 8388608.
 - enlarge_chunks_in_place: 1.
 - new_chunks_are_fully_committed: 0.
 - uncommit_free_chunks: 1.
 - use_allocation_guard: 0.
 - handle_deallocations: 1.


Internal statistics:

num_allocs_failed_limit: 0.
num_arena_births: 188.
num_arena_deaths: 0.
num_vsnodes_births: 2.
num_vsnodes_deaths: 0.
num_space_committed: 241.
num_space_uncommitted: 0.
num_chunks_returned_to_freelist: 0.
num_chunks_taken_from_freelist: 334.
num_chunk_merges: 0.
num_chunk_splits: 186.
num_chunks_enlarged: 90.
num_inconsistent_stats: 0.

CodeCache: size=49152Kb used=3366Kb max_used=3366Kb free=45785Kb
 bounds [0x0000027d7ac50000, 0x0000027d7afa0000, 0x0000027d7dc50000]
 total_blobs=1650 nmethods=1195 adapters=382
 compilation: enabled
              stopped_count=0, restarted_count=0
 full_count=0

Compilation events (20 events):
Event: 1.192 Thread 0x0000027d0416fb70 nmethod 1181 0x0000027d7af95910 code [0x0000027d7af95aa0, 0x0000027d7af95b78]
Event: 1.192 Thread 0x0000027d040ae270 nmethod 1182 0x0000027d7af95c10 code [0x0000027d7af95da0, 0x0000027d7af95e58]
Event: 1.192 Thread 0x0000027d0416fb70 1183       1       java.lang.invoke.MethodHandles$Lookup$ClassFile::readUnsignedShort (39 bytes)
Event: 1.192 Thread 0x0000027d040ae270 1184       1       jdk.internal.org.objectweb.asm.ClassReader::getMaxStringLength (5 bytes)
Event: 1.192 Thread 0x0000027d040ae270 nmethod 1184 0x0000027d7af95f10 code [0x0000027d7af960a0, 0x0000027d7af96178]
Event: 1.192 Thread 0x0000027d0416fb70 nmethod 1183 0x0000027d7af96210 code [0x0000027d7af963c0, 0x0000027d7af96548]
Event: 1.193 Thread 0x0000027d0416fb70 1185       1       java.util.zip.ZipCoder$UTF8ZipCoder::hasTrailingSlash (20 bytes)
Event: 1.194 Thread 0x0000027d0416fb70 nmethod 1185 0x0000027d7af96690 code [0x0000027d7af96820, 0x0000027d7af96938]
Event: 1.195 Thread 0x0000027d0416fb70 1187       1       sun.invoke.util.Wrapper::isDoubleWord (15 bytes)
Event: 1.195 Thread 0x0000027d040ae270 1188       1       java.lang.invoke.InnerClassLambdaMetafactory::getOpcodeOffset (38 bytes)
Event: 1.195 Thread 0x0000027d0416fb70 nmethod 1187 0x0000027d7af96d10 code [0x0000027d7af96ea0, 0x0000027d7af96f78]
Event: 1.195 Thread 0x0000027d040ae270 nmethod 1188 0x0000027d7af97010 code [0x0000027d7af971c0, 0x0000027d7af97378]
Event: 1.200 Thread 0x0000027d040ae270 1192       1       java.net.URL::toString (5 bytes)
Event: 1.201 Thread 0x0000027d040ae270 nmethod 1192 0x0000027d7af97d10 code [0x0000027d7af97ea0, 0x0000027d7af97f88]
Event: 1.201 Thread 0x0000027d040ae270 1193       1       java.net.URL::toExternalForm (9 bytes)
Event: 1.201 Thread 0x0000027d0416fb70 1194       1       java.net.URLStreamHandler::toExternalForm (156 bytes)
Event: 1.201 Thread 0x0000027d040ae270 nmethod 1193 0x0000027d7af98090 code [0x0000027d7af98220, 0x0000027d7af98308]
Event: 1.201 Thread 0x0000027d040ae270 1195       1       sun.net.www.protocol.jar.Handler::checkNestedProtocol (18 bytes)
Event: 1.201 Thread 0x0000027d040ae270 nmethod 1195 0x0000027d7af98410 code [0x0000027d7af985c0, 0x0000027d7af98708]
Event: 1.203 Thread 0x0000027d0416fb70 nmethod 1194 0x0000027d7af98790 code [0x0000027d7af98a80, 0x0000027d7af99598]

GC Heap History (0 events):
No events

Dll operation events (7 events):
Event: 0.017 Loaded shared library D:\Java Language\Java Softwares\eclipse\plugins\org.eclipse.justj.openjdk.hotspot.jre.full.win32.x86_64_17.0.8.v20230831-1047\jre\bin\java.dll
Event: 0.331 Loaded shared library D:\Java Language\Java Softwares\eclipse\plugins\org.eclipse.justj.openjdk.hotspot.jre.full.win32.x86_64_17.0.8.v20230831-1047\jre\bin\jimage.dll
Event: 0.358 Loaded shared library D:\Java Language\Java Softwares\eclipse\plugins\org.eclipse.justj.openjdk.hotspot.jre.full.win32.x86_64_17.0.8.v20230831-1047\jre\bin\net.dll
Event: 0.362 Loaded shared library D:\Java Language\Java Softwares\eclipse\plugins\org.eclipse.justj.openjdk.hotspot.jre.full.win32.x86_64_17.0.8.v20230831-1047\jre\bin\nio.dll
Event: 0.371 Loaded shared library D:\Java Language\Java Softwares\eclipse\plugins\org.eclipse.justj.openjdk.hotspot.jre.full.win32.x86_64_17.0.8.v20230831-1047\jre\bin\zip.dll
Event: 0.493 Loaded shared library D:\Java Language\Java Softwares\eclipse\plugins\org.eclipse.justj.openjdk.hotspot.jre.full.win32.x86_64_17.0.8.v20230831-1047\jre\bin\management.dll
Event: 0.517 Loaded shared library D:\Java Language\Java Softwares\eclipse\plugins\org.eclipse.justj.openjdk.hotspot.jre.full.win32.x86_64_17.0.8.v20230831-1047\jre\bin\management_ext.dll

Deoptimization events (0 events):
No events

Classes unloaded (0 events):
No events

Classes redefined (0 events):
No events

Internal exceptions (20 events):
Event: 0.526 Thread 0x0000027d7552e7a0 Exception <a 'java/lang/NoSuchMethodError'{0x00000000a6797210}: 'int java.lang.invoke.DirectMethodHandle$Holder.invokeInterface(java.lang.Object, java.lang.Object)'> (0x00000000a6797210) 
thrown [s\src\hotspot\share\interpreter\linkResolver.cpp, line 759]
Event: 0.527 Thread 0x0000027d7552e7a0 Exception <a 'java/lang/IncompatibleClassChangeError'{0x00000000a679a810}: Found class java.lang.Object, but interface was expected> (0x00000000a679a810) 
thrown [s\src\hotspot\share\interpreter\linkResolver.cpp, line 826]
Event: 0.528 Thread 0x0000027d7552e7a0 Exception <a 'java/lang/NoSuchMethodError'{0x00000000a67a03c0}: 'void java.lang.invoke.DirectMethodHandle$Holder.invokeStatic(java.lang.Object, java.lang.Object)'> (0x00000000a67a03c0) 
thrown [s\src\hotspot\share\interpreter\linkResolver.cpp, line 759]
Event: 0.615 Thread 0x0000027d7552e7a0 Exception <a 'java/lang/NoSuchMethodError'{0x00000000a666e3f8}: 'int java.lang.invoke.DirectMethodHandle$Holder.invokeSpecial(java.lang.Object, java.lang.Object, java.lang.Object)'> (0x00000000a666e3f8) 
thrown [s\src\hotspot\share\interpreter\linkResolver.cpp, line 759]
Event: 0.697 Thread 0x0000027d7552e7a0 Exception <a 'java/lang/NoSuchMethodError'{0x00000000a6578e30}: 'void java.lang.invoke.DirectMethodHandle$Holder.invokeStatic(java.lang.Object, java.lang.Object, java.lang.Object)'> (0x00000000a6578e30) 
thrown [s\src\hotspot\share\interpreter\linkResolver.cpp, line 759]
Event: 0.744 Thread 0x0000027d7552e7a0 Exception <a 'java/lang/NoSuchMethodError'{0x00000000a65c3c20}: 'int java.lang.invoke.DirectMethodHandle$Holder.invokeSpecialIFC(java.lang.Object, java.lang.Object, java.lang.Object)'> (0x00000000a65c3c20) 
thrown [s\src\hotspot\share\interpreter\linkResolver.cpp, line 759]
Event: 0.783 Thread 0x0000027d7552e7a0 Exception <a 'java/lang/NoSuchMethodError'{0x00000000a643b118}: 'java.lang.Object java.lang.invoke.DirectMethodHandle$Holder.invokeStaticInit(java.lang.Object, int, int, int, int)'> (0x00000000a643b118) 
thrown [s\src\hotspot\share\interpreter\linkResolver.cpp, line 759]
Event: 0.857 Thread 0x0000027d7552e7a0 Exception <a 'java/lang/NoSuchMethodError'{0x00000000a64915d8}: 'java.lang.Object java.lang.invoke.DirectMethodHandle$Holder.invokeStaticInit(java.lang.Object, java.lang.Object, int, int, int, int)'> (0x00000000a64915d8) 
thrown [s\src\hotspot\share\interpreter\linkResolver.cpp, line 759]
Event: 0.874 Thread 0x0000027d7552e7a0 Exception <a 'java/lang/ClassNotFoundException'{0x00000000a64acd28}: javax/management/remote/rmi/RMIServerImpl_Skel> (0x00000000a64acd28) 
thrown [s\src\hotspot\share\classfile\systemDictionary.cpp, line 256]
Event: 0.942 Thread 0x0000027d7552e7a0 Exception <a 'java/lang/ClassNotFoundException'{0x00000000a63f3bb0}: jdk/internal/agent/resources/spi/agentProvider> (0x00000000a63f3bb0) 
thrown [s\src\hotspot\share\classfile\systemDictionary.cpp, line 256]
Event: 1.002 Thread 0x0000027d04a749f0 Exception <a 'java/lang/NoSuchMethodError'{0x00000000a6025d70}: static [B.<clinit>()V> (0x00000000a6025d70) 
thrown [s\src\hotspot\share\prims\jni.cpp, line 1107]
Event: 1.016 Thread 0x0000027d04a749f0 Exception <a 'java/lang/ClassNotFoundException'{0x00000000a6046e78}: javax/management/remote/rmi/RMIConnectionImpl_Skel> (0x00000000a6046e78) 
thrown [s\src\hotspot\share\classfile\systemDictionary.cpp, line 256]
Event: 1.017 Thread 0x0000027d04aa2840 Exception <a 'java/lang/NoSuchMethodError'{0x00000000a5f09bc0}: 'java.lang.Object java.lang.invoke.Invokers$Holder.linkToTargetMethod(java.lang.Object, long, java.lang.Object)'> (0x00000000a5f09bc0) 
thrown [s\src\hotspot\share\interpreter\linkResolver.cpp, line 759]
Event: 1.030 Thread 0x0000027d04a749f0 Exception <a 'java/lang/reflect/InvocationTargetException'{0x00000000a5f7d048}> (0x00000000a5f7d048) 
thrown [s\src\hotspot\share\runtime\reflection.cpp, line 1121]
Event: 1.035 Thread 0x0000027d04a749f0 Exception <a 'java/lang/NoSuchMethodError'{0x00000000a5fa7940}: static [Ljava/lang/StackTraceElement;.<clinit>()V> (0x00000000a5fa7940) 
thrown [s\src\hotspot\share\prims\jni.cpp, line 1107]
Event: 1.074 Thread 0x0000027d7552e7a0 Exception <a 'java/lang/ClassNotFoundException'{0x00000000a5ea9630}: javax/smartcardio/CardPermission> (0x00000000a5ea9630) 
thrown [s\src\hotspot\share\classfile\systemDictionary.cpp, line 256]
Event: 1.078 Thread 0x0000027d7552e7a0 Exception <a 'java/io/FileNotFoundException'{0x00000000a5eb86f0}> (0x00000000a5eb86f0) 
thrown [s\src\hotspot\share\prims\jni.cpp, line 516]
Event: 1.098 Thread 0x0000027d7552e7a0 Exception <a 'java/lang/NoSuchMethodError'{0x00000000a5d13a80}: 'java.lang.Object java.lang.invoke.DirectMethodHandle$Holder.invokeSpecial(java.lang.Object, java.lang.Object, java.lang.Object, long, java.lang.Object)'> (0x00000000a5d13a80) 
thrown [s\src\hotspot\share\interpreter\linkResolver.cpp, line 759]
Event: 1.098 Thread 0x0000027d7552e7a0 Exception <a 'java/lang/NoSuchMethodError'{0x00000000a5d17650}: 'java.lang.Object java.lang.invoke.Invokers$Holder.linkToTargetMethod(java.lang.Object, long, java.lang.Object, java.lang.Object)'> (0x00000000a5d17650) 
thrown [s\src\hotspot\share\interpreter\linkResolver.cpp, line 759]
Event: 1.188 Thread 0x0000027d7552e7a0 Exception <a 'java/lang/NoSuchMethodError'{0x00000000a5b1be20}: 'void java.lang.invoke.DirectMethodHandle$Holder.invokeStatic(java.lang.Object, java.lang.Object, java.lang.Object, java.lang.Object)'> (0x00000000a5b1be20) 
thrown [s\src\hotspot\share\interpreter\linkResolver.cpp, line 759]

VM Operations (14 events):
Event: 0.298 Executing VM operation: HandshakeAllThreads
Event: 0.298 Executing VM operation: HandshakeAllThreads done
Event: 0.715 Executing VM operation: HandshakeAllThreads
Event: 0.715 Executing VM operation: HandshakeAllThreads done
Event: 0.765 Executing VM operation: HandshakeAllThreads
Event: 0.765 Executing VM operation: HandshakeAllThreads done
Event: 0.873 Executing VM operation: HandshakeAllThreads
Event: 0.873 Executing VM operation: HandshakeAllThreads done
Event: 1.015 Executing VM operation: HandshakeAllThreads
Event: 1.015 Executing VM operation: HandshakeAllThreads done
Event: 1.025 Executing VM operation: HandshakeAllThreads
Event: 1.025 Executing VM operation: HandshakeAllThreads done
Event: 1.033 Executing VM operation: HandshakeAllThreads
Event: 1.033 Executing VM operation: HandshakeAllThreads done

Events (20 events):
Event: 1.179 loading class java/util/IdentityHashMap$IdentityHashMapIterator done
Event: 1.179 loading class java/util/IdentityHashMap$EntryIterator done
Event: 1.179 loading class java/util/IdentityHashMap$EntryIterator$Entry
Event: 1.179 loading class java/util/IdentityHashMap$EntryIterator$Entry done
Event: 1.179 loading class java/util/IdentityHashMap$ValueIterator
Event: 1.179 loading class java/util/IdentityHashMap$ValueIterator done
Event: 1.202 loading class java/net/URISyntaxException
Event: 1.202 loading class java/net/URISyntaxException done
Event: 1.202 loading class java/nio/file/NoSuchFileException
Event: 1.202 loading class java/nio/file/FileSystemException
Event: 1.202 loading class java/nio/file/FileSystemException done
Event: 1.202 loading class java/nio/file/NoSuchFileException done
Event: 1.202 loading class java/io/UncheckedIOException
Event: 1.202 loading class java/io/UncheckedIOException done
Event: 1.205 loading class java/net/HttpURLConnection
Event: 1.205 loading class java/net/HttpURLConnection done
Event: 1.208 loading class java/net/URLDecoder
Event: 1.208 loading class java/net/URLDecoder done
Event: 1.208 loading class java/net/URLEncoder
Event: 1.208 loading class java/net/URLEncoder done


Dynamic libraries:
0x00007ff64f430000 - 0x00007ff64f43e000 	D:\Java Language\Java Softwares\eclipse\plugins\org.eclipse.justj.openjdk.hotspot.jre.full.win32.x86_64_17.0.8.v20230831-1047\jre\bin\javaw.exe
0x00007ffa645f0000 - 0x00007ffa64807000 	C:\WINDOWS\SYSTEM32\ntdll.dll
0x00007ffa634c0000 - 0x00007ffa63584000 	C:\WINDOWS\System32\KERNEL32.DLL
0x00007ffa61b80000 - 0x00007ffa61f27000 	C:\WINDOWS\System32\KERNELBASE.dll
0x00007ffa62020000 - 0x00007ffa62131000 	C:\WINDOWS\System32\ucrtbase.dll
0x00007ffa5c2b0000 - 0x00007ffa5c2c7000 	D:\Java Language\Java Softwares\eclipse\plugins\org.eclipse.justj.openjdk.hotspot.jre.full.win32.x86_64_17.0.8.v20230831-1047\jre\bin\jli.dll
0x00007ffa41c70000 - 0x00007ffa41c89000 	D:\Java Language\Java Softwares\eclipse\plugins\org.eclipse.justj.openjdk.hotspot.jre.full.win32.x86_64_17.0.8.v20230831-1047\jre\bin\VCRUNTIME140.dll
0x00007ffa64350000 - 0x00007ffa644fe000 	C:\WINDOWS\System32\USER32.dll
0x00007ffa61910000 - 0x00007ffa61936000 	C:\WINDOWS\System32\win32u.dll
0x00007ffa63590000 - 0x00007ffa635b9000 	C:\WINDOWS\System32\GDI32.dll
0x00007ffa506d0000 - 0x00007ffa50963000 	C:\WINDOWS\WinSxS\amd64_microsoft.windows.common-controls_6595b64144ccf1df_6.0.22621.3527_none_270e469b73872a76\COMCTL32.dll
0x00007ffa62200000 - 0x00007ffa62319000 	C:\WINDOWS\System32\gdi32full.dll
0x00007ffa64500000 - 0x00007ffa645a7000 	C:\WINDOWS\System32\msvcrt.dll
0x00007ffa61ae0000 - 0x00007ffa61b7a000 	C:\WINDOWS\System32\msvcp_win.dll
0x00007ffa63480000 - 0x00007ffa634b1000 	C:\WINDOWS\System32\IMM32.DLL
0x00007ffa5c500000 - 0x00007ffa5c50c000 	D:\Java Language\Java Softwares\eclipse\plugins\org.eclipse.justj.openjdk.hotspot.jre.full.win32.x86_64_17.0.8.v20230831-1047\jre\bin\vcruntime140_1.dll
0x00007ffa41ac0000 - 0x00007ffa41b51000 	D:\Java Language\Java Softwares\eclipse\plugins\org.eclipse.justj.openjdk.hotspot.jre.full.win32.x86_64_17.0.8.v20230831-1047\jre\bin\msvcp140.dll
0x00007ffa18e30000 - 0x00007ffa19a7c000 	D:\Java Language\Java Softwares\eclipse\plugins\org.eclipse.justj.openjdk.hotspot.jre.full.win32.x86_64_17.0.8.v20230831-1047\jre\bin\server\jvm.dll
0x00007ffa62370000 - 0x00007ffa62422000 	C:\WINDOWS\System32\ADVAPI32.dll
0x00007ffa62cf0000 - 0x00007ffa62d98000 	C:\WINDOWS\System32\sechost.dll
0x00007ffa61ab0000 - 0x00007ffa61ad8000 	C:\WINDOWS\System32\bcrypt.dll
0x00007ffa62430000 - 0x00007ffa62545000 	C:\WINDOWS\System32\RPCRT4.dll
0x00007ffa5c310000 - 0x00007ffa5c319000 	C:\WINDOWS\SYSTEM32\WSOCK32.dll
0x00007ffa5ae40000 - 0x00007ffa5ae74000 	C:\WINDOWS\SYSTEM32\WINMM.dll
0x00007ffa617d0000 - 0x00007ffa6181d000 	C:\WINDOWS\SYSTEM32\POWRPROF.dll
0x00007ffa5be10000 - 0x00007ffa5be1a000 	C:\WINDOWS\SYSTEM32\VERSION.dll
0x00007ffa62f50000 - 0x00007ffa62fc1000 	C:\WINDOWS\System32\WS2_32.dll
0x00007ffa617b0000 - 0x00007ffa617c3000 	C:\WINDOWS\SYSTEM32\UMPDC.dll
0x00007ffa60930000 - 0x00007ffa60948000 	C:\WINDOWS\SYSTEM32\kernel.appcore.dll
0x00007ffa5c300000 - 0x00007ffa5c30a000 	D:\Java Language\Java Softwares\eclipse\plugins\org.eclipse.justj.openjdk.hotspot.jre.full.win32.x86_64_17.0.8.v20230831-1047\jre\bin\jimage.dll
0x00007ffa59380000 - 0x00007ffa595b3000 	C:\WINDOWS\SYSTEM32\DBGHELP.DLL
0x00007ffa628b0000 - 0x00007ffa62c38000 	C:\WINDOWS\System32\combase.dll
0x00007ffa637c0000 - 0x00007ffa63897000 	C:\WINDOWS\System32\OLEAUT32.dll
0x00007ffa567d0000 - 0x00007ffa56802000 	C:\WINDOWS\SYSTEM32\dbgcore.DLL
0x00007ffa61fa0000 - 0x00007ffa62019000 	C:\WINDOWS\System32\bcryptPrimitives.dll
0x00007ffa23cb0000 - 0x00007ffa23cd5000 	D:\Java Language\Java Softwares\eclipse\plugins\org.eclipse.justj.openjdk.hotspot.jre.full.win32.x86_64_17.0.8.v20230831-1047\jre\bin\java.dll
0x00007ffa41f10000 - 0x00007ffa41f28000 	D:\Java Language\Java Softwares\eclipse\plugins\org.eclipse.justj.openjdk.hotspot.jre.full.win32.x86_64_17.0.8.v20230831-1047\jre\bin\zip.dll
0x00007ffa63a90000 - 0x00007ffa642ec000 	C:\WINDOWS\System32\SHELL32.dll
0x00007ffa5f850000 - 0x00007ffa60146000 	C:\WINDOWS\SYSTEM32\windows.storage.dll
0x00007ffa5f710000 - 0x00007ffa5f84e000 	C:\WINDOWS\SYSTEM32\wintypes.dll
0x00007ffa635c0000 - 0x00007ffa636b5000 	C:\WINDOWS\System32\SHCORE.dll
0x00007ffa62610000 - 0x00007ffa6266e000 	C:\WINDOWS\System32\shlwapi.dll
0x00007ffa61840000 - 0x00007ffa61861000 	C:\WINDOWS\SYSTEM32\profapi.dll
0x00007ffa40a10000 - 0x00007ffa40a29000 	D:\Java Language\Java Softwares\eclipse\plugins\org.eclipse.justj.openjdk.hotspot.jre.full.win32.x86_64_17.0.8.v20230831-1047\jre\bin\net.dll
0x00007ffa5b860000 - 0x00007ffa5b996000 	C:\WINDOWS\SYSTEM32\WINHTTP.dll
0x00007ffa60da0000 - 0x00007ffa60e09000 	C:\WINDOWS\system32\mswsock.dll
0x00007ffa2d080000 - 0x00007ffa2d095000 	D:\Java Language\Java Softwares\eclipse\plugins\org.eclipse.justj.openjdk.hotspot.jre.full.win32.x86_64_17.0.8.v20230831-1047\jre\bin\nio.dll
0x00007ffa53a90000 - 0x00007ffa53a99000 	D:\Java Language\Java Softwares\eclipse\plugins\org.eclipse.justj.openjdk.hotspot.jre.full.win32.x86_64_17.0.8.v20230831-1047\jre\bin\management.dll
0x00007ffa47e50000 - 0x00007ffa47e5b000 	D:\Java Language\Java Softwares\eclipse\plugins\org.eclipse.justj.openjdk.hotspot.jre.full.win32.x86_64_17.0.8.v20230831-1047\jre\bin\management_ext.dll
0x00007ffa63460000 - 0x00007ffa63468000 	C:\WINDOWS\System32\PSAPI.DLL
0x00007ffa4bcb0000 - 0x00007ffa4bcc7000 	C:\WINDOWS\system32\napinsp.dll
0x00007ffa4b820000 - 0x00007ffa4b83b000 	C:\WINDOWS\system32\pnrpnsp.dll
0x00007ffa60420000 - 0x00007ffa60519000 	C:\WINDOWS\SYSTEM32\DNSAPI.dll
0x00007ffa603b0000 - 0x00007ffa603dd000 	C:\WINDOWS\SYSTEM32\IPHLPAPI.DLL
0x00007ffa62fd0000 - 0x00007ffa62fd9000 	C:\WINDOWS\System32\NSI.dll
0x00007ffa4b800000 - 0x00007ffa4b811000 	C:\WINDOWS\System32\winrnr.dll
0x00007ffa4b7e0000 - 0x00007ffa4b7f5000 	C:\WINDOWS\system32\wshbth.dll
0x00007ffa4b150000 - 0x00007ffa4b171000 	C:\WINDOWS\system32\nlansp_c.dll
0x00007ffa57dd0000 - 0x00007ffa57dda000 	C:\Windows\System32\rasadhlp.dll
0x00007ffa5a180000 - 0x00007ffa5a203000 	C:\WINDOWS\System32\fwpuclnt.dll
0x00007ffa61000000 - 0x00007ffa6101b000 	C:\WINDOWS\SYSTEM32\CRYPTSP.dll
0x00007ffa60890000 - 0x00007ffa608c5000 	C:\WINDOWS\system32\rsaenh.dll
0x00007ffa60ea0000 - 0x00007ffa60ec8000 	C:\WINDOWS\SYSTEM32\USERENV.dll
0x00007ffa61020000 - 0x00007ffa6102c000 	C:\WINDOWS\SYSTEM32\CRYPTBASE.dll
0x00007ffa5b260000 - 0x00007ffa5b279000 	C:\WINDOWS\SYSTEM32\dhcpcsvc6.DLL
0x00007ffa5b1a0000 - 0x00007ffa5b1bf000 	C:\WINDOWS\SYSTEM32\dhcpcsvc.DLL

dbghelp: loaded successfully - version: 4.0.5 - missing functions: none
symbol engine: initialized successfully - sym options: 0x614 - pdb path: .;D:\Java Language\Java Softwares\eclipse\plugins\org.eclipse.justj.openjdk.hotspot.jre.full.win32.x86_64_17.0.8.v20230831-1047\jre\bin;C:\WINDOWS\SYSTEM32;C:\WINDOWS\WinSxS\amd64_microsoft.windows.common-controls_6595b64144ccf1df_6.0.22621.3527_none_270e469b73872a76;D:\Java Language\Java Softwares\eclipse\plugins\org.eclipse.justj.openjdk.hotspot.jre.full.win32.x86_64_17.0.8.v20230831-1047\jre\bin\server

VM Arguments:
jvm_args: -Dcom.sun.management.jmxremote -Dcom.sun.management.jmxremote.port=50489 -Dcom.sun.management.jmxremote.authenticate=false -Dcom.sun.management.jmxremote.ssl=false -Djava.rmi.server.hostname=localhost -Dspring.jmx.enabled=true -Dmanagement.endpoints.jmx.exposure.include=* -Dspring.application.admin.enabled=true -XX:TieredStopAtLevel=1 -Dspring.boot.project.name=4_securehaven_producer_banks-1 -Dfile.encoding=UTF-8 -Dstdout.encoding=UTF-8 -Dstderr.encoding=UTF-8 -XX:+ShowCodeDetailsInExceptionMessages 
java_command: com.securehaven._securehaven_producer_banks1.Application --spring.output.ansi.enabled=always
java_class_path (initial): C:\Users\91915\git\4_securehaven_producer_bank\4_securehaven_producer_banks-1\target\classes;C:\Users\91915\.m2\repository\org\springframework\boot\spring-boot-starter-data-jpa\3.2.5\spring-boot-starter-data-jpa-3.2.5.jar;C:\Users\91915\.m2\repository\org\springframework\boot\spring-boot-starter-aop\3.2.5\spring-boot-starter-aop-3.2.5.jar;C:\Users\91915\.m2\repository\org\springframework\spring-aop\6.1.6\spring-aop-6.1.6.jar;C:\Users\91915\.m2\repository\org\aspectj\aspectjweaver\1.9.22\aspectjweaver-1.9.22.jar;C:\Users\91915\.m2\repository\org\springframework\boot\spring-boot-starter-jdbc\3.2.5\spring-boot-starter-jdbc-3.2.5.jar;C:\Users\91915\.m2\repository\com\zaxxer\HikariCP\5.0.1\HikariCP-5.0.1.jar;C:\Users\91915\.m2\repository\org\springframework\spring-jdbc\6.1.6\spring-jdbc-6.1.6.jar;C:\Users\91915\.m2\repository\org\hibernate\orm\hibernate-core\6.4.4.Final\hibernate-core-6.4.4.Final.jar;C:\Users\91915\.m2\repository\jakarta\persistence\jakarta.persistence-api\3.1.0\jakarta.persistence-api-3.1.0.jar;C:\Users\91915\.m2\repository\jakarta\transaction\jakarta.transaction-api\2.0.1\jakarta.transaction-api-2.0.1.jar;C:\Users\91915\.m2\repository\org\jboss\logging\jboss-logging\3.5.3.Final\jboss-logging-3.5.3.Final.jar;C:\Users\91915\.m2\repository\org\hibernate\common\hibernate-commons-annotations\6.0.6.Final\hibernate-commons-annotations-6.0.6.Final.jar;C:\Users\91915\.m2\repository\io\smallrye\jandex\3.1.2\jandex-3.1.2.jar;C:\Users\91915\.m2\repository\com\fasterxml\classmate\1.6.0\classmate-1.6.0.jar;C:\Users\91915\.m2\repository\net\bytebuddy\byte-buddy\1.14.13\byte-buddy-1.14.13.jar;C:\Users\91915\.m2\repository\org\glassfish\jaxb\jaxb-runtime\4.0.5\jaxb-runtime-4.0.5.jar;C:\Users\91915\.m2\repository\org\glassfish\jaxb\jaxb-core\4.0.5\jaxb-core-4.0.5.jar;C:\Users\91915\.m2\repository\org\eclipse\angus\angus-activation\2.0.2\angus-activation-2.0.2.jar;C:\Users\91915\.m2\repository\org\glassfish\jaxb\txw2\4.0.5\txw2-4.0.5.jar;C:\U
Launcher Type: SUN_STANDARD

[Global flags]
     intx CICompilerCount                          = 4                                         {product} {ergonomic}
     uint ConcGCThreads                            = 2                                         {product} {ergonomic}
     uint G1ConcRefinementThreads                  = 8                                         {product} {ergonomic}
   size_t G1HeapRegionSize                         = 1048576                                   {product} {ergonomic}
    uintx GCDrainStackTargetSize                   = 64                                        {product} {ergonomic}
   size_t InitialHeapSize                          = 100663296                                 {product} {ergonomic}
     bool ManagementServer                         = true                                      {product} {command line}
   size_t MarkStackSize                            = 4194304                                   {product} {ergonomic}
   size_t MaxHeapSize                              = 1595932672                                {product} {ergonomic}
   size_t MaxNewSize                               = 957349888                                 {product} {ergonomic}
   size_t MinHeapDeltaBytes                        = 1048576                                   {product} {ergonomic}
   size_t MinHeapSize                              = 8388608                                   {product} {ergonomic}
    uintx NonProfiledCodeHeapSize                  = 0                                      {pd product} {ergonomic}
     bool ProfileInterpreter                       = false                                  {pd product} {command line}
    uintx ProfiledCodeHeapSize                     = 0                                      {pd product} {ergonomic}
     bool ShowCodeDetailsInExceptionMessages       = true                                   {manageable} {command line}
   size_t SoftMaxHeapSize                          = 1595932672                             {manageable} {ergonomic}
     intx TieredStopAtLevel                        = 1                                         {product} {command line}
     bool UseCompressedClassPointers               = true                           {product lp64_product} {ergonomic}
     bool UseCompressedOops                        = true                           {product lp64_product} {ergonomic}
     bool UseG1GC                                  = true                                      {product} {ergonomic}
     bool UseLargePagesIndividualAllocation        = false                                  {pd product} {ergonomic}

Logging:
Log output configuration:
 #0: stdout all=warning uptime,level,tags
 #1: stderr all=off uptime,level,tags

Environment Variables:
PATH=D:/Java Language/Java Softwares/eclipse//plugins/org.eclipse.justj.openjdk.hotspot.jre.full.win32.x86_64_17.0.8.v20230831-1047/jre/bin/server;D:/Java Language/Java Softwares/eclipse//plugins/org.eclipse.justj.openjdk.hotspot.jre.full.win32.x86_64_17.0.8.v20230831-1047/jre/bin;C:\ProgramData\Oracle\Java\javapath;C:\WINDOWS\system32;C:\WINDOWS;C:\WINDOWS\System32\Wbem;C:\WINDOWS\System32\WindowsPowerShell\v1.0\;C:\WINDOWS\System32\OpenSSH\;C:\MinGW\bin;C:\Program Files\Java\jdk1.8.0_131\bin;C:\Program Files\nodejs\;C:\Program Files\Git\cmd;C:\Program Files\MySQL\MySQL Shell 8.0\bin\;C:\Users\91915\AppData\Local\Microsoft\WindowsApps;C:\Program Files (x86)\mingw-w64\i686-8.1.0-posix-dwarf-rt_v6-rev0\mingw32\bin;C:\Program Files\SDCC\bin;C:\Program Files\JetBrains\IntelliJ IDEA Community Edition 2022.1.3\bin;;;C:\Users\91915\AppData\Local\Programs\Microsoft VS Code\bin;C:\Users\91915\AppData\Roaming\npm;D:\Java Language\Java Softwares\eclipse;
USERNAME=91915
OS=Windows_NT
PROCESSOR_IDENTIFIER=AMD64 Family 23 Model 24 Stepping 1, AuthenticAMD
TMP=C:\Users\91915\AppData\Local\Temp
TEMP=C:\Users\91915\AppData\Local\Temp



---------------  S Y S T E M  ---------------

OS:
 Windows 11 , 64 bit Build 22621 (10.0.22621.3527)
OS uptime: 0 days 8:39 hours

CPU: total 8 (initial active 8) (8 cores per cpu, 2 threads per core) family 23 model 24 stepping 1 microcode 0x0, cx8, cmov, fxsr, ht, mmx, 3dnowpref, sse, sse2, sse3, ssse3, sse4a, sse4.1, sse4.2, popcnt, lzcnt, tsc, tscinvbit, avx, avx2, aes, clmul, bmi1, bmi2, adx, sha, fma, vzeroupper, clflush, clflushopt
Processor Information for all 8 processors :
  Max Mhz: 2100, Current Mhz: 2100, Mhz Limit: 2100

Memory: 4k page, system-wide physical 6082M (642M free)
TotalPageFile size 8130M (AvailPageFile size 5M)
current process WorkingSet (physical memory assigned to process): 71M, peak: 71M
current process commit charge ("private bytes"): 186M, peak: 186M

vm_info: OpenJDK 64-Bit Server VM (17.0.8.1+1) for windows-amd64 JRE (17.0.8.1+1), built on Aug 23 2023 15:29:17 by "admin" with MS VC++ 16.7 (VS2019)

END.
